# JRE version: Java(TM) SE Runtime Environment (8.0_191-b12) (build 1.8.0_191-b12)
# Java VM: Java HotSpot(TM) 64-Bit Server VM (25.191-b12 mixed mode windows-amd64 compressed oops)
Heap:
 PSYoungGen      total 204800K, used 81555K [0x00000000eb580000, 0x00000000f8d00000, 0x0000000100000000)
  eden space 194560K, 36% used [0x00000000eb580000,0x00000000efb2e1d8,0x00000000f7380000)
  from space 10240K, 99% used [0x00000000f8300000,0x00000000f8cf6c58,0x00000000f8d00000)
  to   space 12800K, 0% used [0x00000000f7400000,0x00000000f7400000,0x00000000f8080000)
 ParOldGen       total 65536K, used 23122K [0x00000000c2000000, 0x00000000c6000000, 0x00000000eb580000)
  object space 65536K, 35% used [0x00000000c2000000,0x00000000c3694a68,0x00000000c6000000)
 Metaspace       used 44584K, capacity 46586K, committed 46888K, reserved 1091584K
  class space    used 6198K, capacity 6593K, committed 6696K, reserved 1048576K
GC Heap History (10 events):
Event: 8.953 GC heap before
{Heap before GC invocations=12 (full 1):
 PSYoungGen      total 132608K, used 132595K [0x00000000eb580000, 0x00000000f6b80000, 0x0000000100000000)
  eden space 122368K, 100% used [0x00000000eb580000,0x00000000f2d00000,0x00000000f2d00000)
  from space 10240K, 99% used [0x00000000f3a00000,0x00000000f43fce50,0x00000000f4400000)
  to   space 13312K, 0% used [0x00000000f2d00000,0x00000000f2d00000,0x00000000f3a00000)
 ParOldGen       total 32768K, used 19565K [0x00000000c2000000, 0x00000000c4000000, 0x00000000eb580000)
  object space 32768K, 59% used [0x00000000c2000000,0x00000000c331b6a0,0x00000000c4000000)
 Metaspace       used 31901K, capacity 33238K, committed 33408K, reserved 1077248K
  class space    used 4446K, capacity 4729K, committed 4736K, reserved 1048576K
Event: 8.975 GC heap after
Heap after GC invocations=12 (full 1):
 PSYoungGen      total 135680K, used 6209K [0x00000000eb580000, 0x00000000f6900000, 0x0000000100000000)
  eden space 122368K, 0% used [0x00000000eb580000,0x00000000eb580000,0x00000000f2d00000)
  from space 13312K, 46% used [0x00000000f2d00000,0x00000000f3310548,0x00000000f3a00000)
  to   space 12288K, 0% used [0x00000000f5d00000,0x00000000f5d00000,0x00000000f6900000)
 ParOldGen       total 32768K, used 26252K [0x00000000c2000000, 0x00000000c4000000, 0x00000000eb580000)
  object space 32768K, 80% used [0x00000000c2000000,0x00000000c39a3358,0x00000000c4000000)
 Metaspace       used 31901K, capacity 33238K, committed 33408K, reserved 1077248K
  class space    used 4446K, capacity 4729K, committed 4736K, reserved 1048576K
}
Event: 9.536 GC heap before
{Heap before GC invocations=13 (full 1):
 PSYoungGen      total 135680K, used 54492K [0x00000000eb580000, 0x00000000f6900000, 0x0000000100000000)
  eden space 122368K, 39% used [0x00000000eb580000,0x00000000ee4a6ce0,0x00000000f2d00000)
  from space 13312K, 46% used [0x00000000f2d00000,0x00000000f3310548,0x00000000f3a00000)
  to   space 12288K, 0% used [0x00000000f5d00000,0x00000000f5d00000,0x00000000f6900000)
 ParOldGen       total 32768K, used 26252K [0x00000000c2000000, 0x00000000c4000000, 0x00000000eb580000)
  object space 32768K, 80% used [0x00000000c2000000,0x00000000c39a3358,0x00000000c4000000)
 Metaspace       used 33799K, capacity 35402K, committed 35496K, reserved 1079296K
  class space    used 4682K, capacity 5001K, committed 5032K, reserved 1048576K
Event: 9.546 GC heap after
Heap after GC invocations=13 (full 1):
 PSYoungGen      total 171520K, used 3308K [0x00000000eb580000, 0x00000000f6900000, 0x0000000100000000)
  eden space 159232K, 0% used [0x00000000eb580000,0x00000000eb580000,0x00000000f5100000)
  from space 12288K, 26% used [0x00000000f5d00000,0x00000000f603b358,0x00000000f6900000)
  to   space 12288K, 0% used [0x00000000f5100000,0x00000000f5100000,0x00000000f5d00000)
 ParOldGen       total 32768K, used 30016K [0x00000000c2000000, 0x00000000c4000000, 0x00000000eb580000)
  object space 32768K, 91% used [0x00000000c2000000,0x00000000c3d50388,0x00000000c4000000)
 Metaspace       used 33799K, capacity 35402K, committed 35496K, reserved 1079296K
  class space    used 4682K, capacity 5001K, committed 5032K, reserved 1048576K
}
Event: 9.546 GC heap before
{Heap before GC invocations=14 (full 2):
 PSYoungGen      total 171520K, used 3308K [0x00000000eb580000, 0x00000000f6900000, 0x0000000100000000)
  eden space 159232K, 0% used [0x00000000eb580000,0x00000000eb580000,0x00000000f5100000)
  from space 12288K, 26% used [0x00000000f5d00000,0x00000000f603b358,0x00000000f6900000)
  to   space 12288K, 0% used [0x00000000f5100000,0x00000000f5100000,0x00000000f5d00000)
 ParOldGen       total 32768K, used 30016K [0x00000000c2000000, 0x00000000c4000000, 0x00000000eb580000)
  object space 32768K, 91% used [0x00000000c2000000,0x00000000c3d50388,0x00000000c4000000)
 Metaspace       used 33799K, capacity 35402K, committed 35496K, reserved 1079296K
  class space    used 4682K, capacity 5001K, committed 5032K, reserved 1048576K
Event: 9.693 GC heap after
Heap after GC invocations=14 (full 2):
 PSYoungGen      total 171520K, used 0K [0x00000000eb580000, 0x00000000f6900000, 0x0000000100000000)
  eden space 159232K, 0% used [0x00000000eb580000,0x00000000eb580000,0x00000000f5100000)
  from space 12288K, 0% used [0x00000000f5d00000,0x00000000f5d00000,0x00000000f6900000)
  to   space 12288K, 0% used [0x00000000f5100000,0x00000000f5100000,0x00000000f5d00000)
 ParOldGen       total 65536K, used 23106K [0x00000000c2000000, 0x00000000c6000000, 0x00000000eb580000)
  object space 65536K, 35% used [0x00000000c2000000,0x00000000c3690a68,0x00000000c6000000)
 Metaspace       used 33799K, capacity 35402K, committed 35496K, reserved 1079296K
  class space    used 4682K, capacity 5001K, committed 5032K, reserved 1048576K
}
Event: 11.305 GC heap before
{Heap before GC invocations=15 (full 2):
 PSYoungGen      total 171520K, used 159232K [0x00000000eb580000, 0x00000000f6900000, 0x0000000100000000)
  eden space 159232K, 100% used [0x00000000eb580000,0x00000000f5100000,0x00000000f5100000)
  from space 12288K, 0% used [0x00000000f5d00000,0x00000000f5d00000,0x00000000f6900000)
  to   space 12288K, 0% used [0x00000000f5100000,0x00000000f5100000,0x00000000f5d00000)
 ParOldGen       total 65536K, used 23106K [0x00000000c2000000, 0x00000000c6000000, 0x00000000eb580000)
  object space 65536K, 35% used [0x00000000c2000000,0x00000000c3690a68,0x00000000c6000000)
 Metaspace       used 36432K, capacity 38314K, committed 38568K, reserved 1083392K
  class space    used 5070K, capacity 5437K, committed 5544K, reserved 1048576K
Event: 11.317 GC heap after
Heap after GC invocations=15 (full 2):
 PSYoungGen      total 171520K, used 5386K [0x00000000eb580000, 0x00000000f8e80000, 0x0000000100000000)
  eden space 159232K, 0% used [0x00000000eb580000,0x00000000eb580000,0x00000000f5100000)
  from space 12288K, 43% used [0x00000000f5100000,0x00000000f5642bd8,0x00000000f5d00000)
  to   space 11776K, 0% used [0x00000000f8300000,0x00000000f8300000,0x00000000f8e80000)
 ParOldGen       total 65536K, used 23114K [0x00000000c2000000, 0x00000000c6000000, 0x00000000eb580000)
  object space 65536K, 35% used [0x00000000c2000000,0x00000000c3692a68,0x00000000c6000000)
 Metaspace       used 36432K, capacity 38314K, committed 38568K, reserved 1083392K
  class space    used 5070K, capacity 5437K, committed 5544K, reserved 1048576K
}
Event: 14.435 GC heap before
{Heap before GC invocations=16 (full 2):
 PSYoungGen      total 171520K, used 164618K [0x00000000eb580000, 0x00000000f8e80000, 0x0000000100000000)
  eden space 159232K, 100% used [0x00000000eb580000,0x00000000f5100000,0x00000000f5100000)
  from space 12288K, 43% used [0x00000000f5100000,0x00000000f5642bd8,0x00000000f5d00000)
  to   space 11776K, 0% used [0x00000000f8300000,0x00000000f8300000,0x00000000f8e80000)
 ParOldGen       total 65536K, used 23114K [0x00000000c2000000, 0x00000000c6000000, 0x00000000eb580000)
  object space 65536K, 35% used [0x00000000c2000000,0x00000000c3692a68,0x00000000c6000000)
 Metaspace       used 40869K, capacity 42866K, committed 43048K, reserved 1087488K
  class space    used 5532K, capacity 5909K, committed 5928K, reserved 1048576K
Event: 14.453 GC heap after
Heap after GC invocations=16 (full 2):
 PSYoungGen      total 204800K, used 10203K [0x00000000eb580000, 0x00000000f8d00000, 0x0000000100000000)
  eden space 194560K, 0% used [0x00000000eb580000,0x00000000eb580000,0x00000000f7380000)
  from space 10240K, 99% used [0x00000000f8300000,0x00000000f8cf6c58,0x00000000f8d00000)
  to   space 12800K, 0% used [0x00000000f7400000,0x00000000f7400000,0x00000000f8080000)
 ParOldGen       total 65536K, used 23122K [0x00000000c2000000, 0x00000000c6000000, 0x00000000eb580000)
  object space 65536K, 35% used [0x00000000c2000000,0x00000000c3694a68,0x00000000c6000000)
 Metaspace       used 40869K, capacity 42866K, committed 43048K, reserved 1087488K
  class space    used 5532K, capacity 5909K, committed 5928K, reserved 1048576K
}

