# JRE version: Java(TM) SE Runtime Environment (8.0_191-b12) (build 1.8.0_191-b12)
# Java VM: Java HotSpot(TM) 64-Bit Server VM (25.191-b12 mixed mode windows-amd64 compressed oops)
Heap:
 PSYoungGen      total 253440K, used 119810K [0x00000000eb580000, 0x00000000fc300000, 0x0000000100000000)
  eden space 237568K, 43% used [0x00000000eb580000,0x00000000f1b06030,0x00000000f9d80000)
  from space 15872K, 99% used [0x00000000fa400000,0x00000000fb37aa18,0x00000000fb380000)
  to   space 8192K, 0% used [0x00000000fbb00000,0x00000000fbb00000,0x00000000fc300000)
 ParOldGen       total 63488K, used 39526K [0x00000000c2000000, 0x00000000c5e00000, 0x00000000eb580000)
  object space 63488K, 62% used [0x00000000c2000000,0x00000000c4699958,0x00000000c5e00000)
 Metaspace       used 67622K, capacity 70530K, committed 70656K, reserved 1116160K
  class space    used 9437K, capacity 9946K, committed 9984K, reserved 1048576K
GC Heap History (10 events):
Event: 12.717 GC heap before
{Heap before GC invocations=16 (full 2):
 PSYoungGen      total 182784K, used 179066K [0x00000000eb580000, 0x00000000f9500000, 0x0000000100000000)
  eden space 170496K, 100% used [0x00000000eb580000,0x00000000f5c00000,0x00000000f5c00000)
  from space 12288K, 69% used [0x00000000f5c00000,0x00000000f645ea50,0x00000000f6800000)
  to   space 12800K, 0% used [0x00000000f8880000,0x00000000f8880000,0x00000000f9500000)
 ParOldGen       total 63488K, used 23095K [0x00000000c2000000, 0x00000000c5e00000, 0x00000000eb580000)
  object space 63488K, 36% used [0x00000000c2000000,0x00000000c368ddb0,0x00000000c5e00000)
 Metaspace       used 47356K, capacity 49444K, committed 49792K, reserved 1091584K
  class space    used 6544K, capacity 6950K, committed 7040K, reserved 1048576K
Event: 12.740 GC heap after
Heap after GC invocations=16 (full 2):
 PSYoungGen      total 212480K, used 12781K [0x00000000eb580000, 0x00000000fa300000, 0x0000000100000000)
  eden space 199680K, 0% used [0x00000000eb580000,0x00000000eb580000,0x00000000f7880000)
  from space 12800K, 99% used [0x00000000f8880000,0x00000000f94fb548,0x00000000f9500000)
  to   space 16384K, 0% used [0x00000000f7880000,0x00000000f7880000,0x00000000f8880000)
 ParOldGen       total 63488K, used 28194K [0x00000000c2000000, 0x00000000c5e00000, 0x00000000eb580000)
  object space 63488K, 44% used [0x00000000c2000000,0x00000000c3b889a0,0x00000000c5e00000)
 Metaspace       used 47356K, capacity 49444K, committed 49792K, reserved 1091584K
  class space    used 6544K, capacity 6950K, committed 7040K, reserved 1048576K
}
Event: 13.706 GC heap before
{Heap before GC invocations=17 (full 2):
 PSYoungGen      total 212480K, used 152206K [0x00000000eb580000, 0x00000000fa300000, 0x0000000100000000)
  eden space 199680K, 69% used [0x00000000eb580000,0x00000000f3da85c8,0x00000000f7880000)
  from space 12800K, 99% used [0x00000000f8880000,0x00000000f94fb548,0x00000000f9500000)
  to   space 16384K, 0% used [0x00000000f7880000,0x00000000f7880000,0x00000000f8880000)
 ParOldGen       total 63488K, used 28194K [0x00000000c2000000, 0x00000000c5e00000, 0x00000000eb580000)
  object space 63488K, 44% used [0x00000000c2000000,0x00000000c3b889a0,0x00000000c5e00000)
 Metaspace       used 53784K, capacity 56240K, committed 56320K, reserved 1097728K
  class space    used 7439K, capacity 7910K, committed 7936K, reserved 1048576K
Event: 13.732 GC heap after
Heap after GC invocations=17 (full 2):
 PSYoungGen      total 216064K, used 10490K [0x00000000eb580000, 0x00000000fcb00000, 0x0000000100000000)
  eden space 199680K, 0% used [0x00000000eb580000,0x00000000eb580000,0x00000000f7880000)
  from space 16384K, 64% used [0x00000000f7880000,0x00000000f82be988,0x00000000f8880000)
  to   space 16384K, 0% used [0x00000000fbb00000,0x00000000fbb00000,0x00000000fcb00000)
 ParOldGen       total 63488K, used 35643K [0x00000000c2000000, 0x00000000c5e00000, 0x00000000eb580000)
  object space 63488K, 56% used [0x00000000c2000000,0x00000000c42cee28,0x00000000c5e00000)
 Metaspace       used 53784K, capacity 56240K, committed 56320K, reserved 1097728K
  class space    used 7439K, capacity 7910K, committed 7936K, reserved 1048576K
}
Event: 13.732 GC heap before
{Heap before GC invocations=18 (full 3):
 PSYoungGen      total 216064K, used 10490K [0x00000000eb580000, 0x00000000fcb00000, 0x0000000100000000)
  eden space 199680K, 0% used [0x00000000eb580000,0x00000000eb580000,0x00000000f7880000)
  from space 16384K, 64% used [0x00000000f7880000,0x00000000f82be988,0x00000000f8880000)
  to   space 16384K, 0% used [0x00000000fbb00000,0x00000000fbb00000,0x00000000fcb00000)
 ParOldGen       total 63488K, used 35643K [0x00000000c2000000, 0x00000000c5e00000, 0x00000000eb580000)
  object space 63488K, 56% used [0x00000000c2000000,0x00000000c42cee28,0x00000000c5e00000)
 Metaspace       used 53784K, capacity 56240K, committed 56320K, reserved 1097728K
  class space    used 7439K, capacity 7910K, committed 7936K, reserved 1048576K
Event: 14.059 GC heap after
Heap after GC invocations=18 (full 3):
 PSYoungGen      total 216064K, used 0K [0x00000000eb580000, 0x00000000fcb00000, 0x0000000100000000)
  eden space 199680K, 0% used [0x00000000eb580000,0x00000000eb580000,0x00000000f7880000)
  from space 16384K, 0% used [0x00000000f7880000,0x00000000f7880000,0x00000000f8880000)
  to   space 16384K, 0% used [0x00000000fbb00000,0x00000000fbb00000,0x00000000fcb00000)
 ParOldGen       total 63488K, used 37547K [0x00000000c2000000, 0x00000000c5e00000, 0x00000000eb580000)
  object space 63488K, 59% used [0x00000000c2000000,0x00000000c44aafb8,0x00000000c5e00000)
 Metaspace       used 53784K, capacity 56240K, committed 56320K, reserved 1097728K
  class space    used 7439K, capacity 7910K, committed 7936K, reserved 1048576K
}
Event: 15.505 GC heap before
{Heap before GC invocations=19 (full 3):
 PSYoungGen      total 216064K, used 199680K [0x00000000eb580000, 0x00000000fcb00000, 0x0000000100000000)
  eden space 199680K, 100% used [0x00000000eb580000,0x00000000f7880000,0x00000000f7880000)
  from space 16384K, 0% used [0x00000000f7880000,0x00000000f7880000,0x00000000f8880000)
  to   space 16384K, 0% used [0x00000000fbb00000,0x00000000fbb00000,0x00000000fcb00000)
 ParOldGen       total 63488K, used 37547K [0x00000000c2000000, 0x00000000c5e00000, 0x00000000eb580000)
  object space 63488K, 59% used [0x00000000c2000000,0x00000000c44aafb8,0x00000000c5e00000)
 Metaspace       used 56002K, capacity 58652K, committed 58752K, reserved 1099776K
  class space    used 7760K, capacity 8256K, committed 8320K, reserved 1048576K
Event: 15.519 GC heap after
Heap after GC invocations=19 (full 3):
 PSYoungGen      total 245760K, used 7805K [0x00000000eb580000, 0x00000000fc300000, 0x0000000100000000)
  eden space 237568K, 0% used [0x00000000eb580000,0x00000000eb580000,0x00000000f9d80000)
  from space 8192K, 95% used [0x00000000fbb00000,0x00000000fc29f6b8,0x00000000fc300000)
  to   space 15872K, 0% used [0x00000000fa400000,0x00000000fa400000,0x00000000fb380000)
 ParOldGen       total 63488K, used 37555K [0x00000000c2000000, 0x00000000c5e00000, 0x00000000eb580000)
  object space 63488K, 59% used [0x00000000c2000000,0x00000000c44acfb8,0x00000000c5e00000)
 Metaspace       used 56002K, capacity 58652K, committed 58752K, reserved 1099776K
  class space    used 7760K, capacity 8256K, committed 8320K, reserved 1048576K
}
Event: 17.725 GC heap before
{Heap before GC invocations=20 (full 3):
 PSYoungGen      total 245760K, used 245373K [0x00000000eb580000, 0x00000000fc300000, 0x0000000100000000)
  eden space 237568K, 100% used [0x00000000eb580000,0x00000000f9d80000,0x00000000f9d80000)
  from space 8192K, 95% used [0x00000000fbb00000,0x00000000fc29f6b8,0x00000000fc300000)
  to   space 15872K, 0% used [0x00000000fa400000,0x00000000fa400000,0x00000000fb380000)
 ParOldGen       total 63488K, used 37555K [0x00000000c2000000, 0x00000000c5e00000, 0x00000000eb580000)
  object space 63488K, 59% used [0x00000000c2000000,0x00000000c44acfb8,0x00000000c5e00000)
 Metaspace       used 61194K, capacity 64192K, committed 64384K, reserved 1103872K
  class space    used 8461K, capacity 8997K, committed 9088K, reserved 1048576K
Event: 17.751 GC heap after
Heap after GC invocations=20 (full 3):
 PSYoungGen      total 253440K, used 15850K [0x00000000eb580000, 0x00000000fc300000, 0x0000000100000000)
  eden space 237568K, 0% used [0x00000000eb580000,0x00000000eb580000,0x00000000f9d80000)
  from space 15872K, 99% used [0x00000000fa400000,0x00000000fb37aa18,0x00000000fb380000)
  to   space 8192K, 0% used [0x00000000fbb00000,0x00000000fbb00000,0x00000000fc300000)
 ParOldGen       total 63488K, used 39526K [0x00000000c2000000, 0x00000000c5e00000, 0x00000000eb580000)
  object space 63488K, 62% used [0x00000000c2000000,0x00000000c4699958,0x00000000c5e00000)
 Metaspace       used 61194K, capacity 64192K, committed 64384K, reserved 1103872K
  class space    used 8461K, capacity 8997K, committed 9088K, reserved 1048576K
}

