# JRE version: Java(TM) SE Runtime Environment (8.0_191-b12) (build 1.8.0_191-b12)
# Java VM: Java HotSpot(TM) 64-Bit Server VM (25.191-b12 mixed mode windows-amd64 compressed oops)
Heap:
 PSYoungGen      total 34304K, used 24898K [0x00000000fd580000, 0x00000000fff00000, 0x0000000100000000)
  eden space 27136K, 78% used [0x00000000fd580000,0x00000000fea5fe00,0x00000000ff000000)
  from space 7168K, 49% used [0x00000000ff800000,0x00000000ffb70c88,0x00000000fff00000)
  to   space 7680K, 0% used [0x00000000ff000000,0x00000000ff000000,0x00000000ff780000)
 ParOldGen       total 80896K, used 51490K [0x00000000f8000000, 0x00000000fcf00000, 0x00000000fd580000)
  object space 80896K, 63% used [0x00000000f8000000,0x00000000fb2488d0,0x00000000fcf00000)
 Metaspace       used 72715K, capacity 76022K, committed 76160K, reserved 1114112K
  class space    used 10026K, capacity 10604K, committed 10624K, reserved 1048576K
GC Heap History (10 events):
Event: 24.723 GC heap before
{Heap before GC invocations=63 (full 3):
 PSYoungGen      total 29184K, used 29150K [0x00000000fd580000, 0x00000000fff00000, 0x0000000100000000)
  eden space 25088K, 100% used [0x00000000fd580000,0x00000000fee00000,0x00000000fee00000)
  from space 4096K, 99% used [0x00000000fee00000,0x00000000ff1f7b28,0x00000000ff200000)
  to   space 8704K, 0% used [0x00000000ff680000,0x00000000ff680000,0x00000000fff00000)
 ParOldGen       total 80896K, used 47476K [0x00000000f8000000, 0x00000000fcf00000, 0x00000000fd580000)
  object space 80896K, 58% used [0x00000000f8000000,0x00000000fae5d030,0x00000000fcf00000)
 Metaspace       used 65837K, capacity 68938K, committed 69120K, reserved 1107968K
  class space    used 9073K, capacity 9646K, committed 9728K, reserved 1048576K
Event: 24.731 GC heap after
Heap after GC invocations=63 (full 3):
 PSYoungGen      total 33792K, used 2751K [0x00000000fd580000, 0x0000000100000000, 0x0000000100000000)
  eden space 25088K, 0% used [0x00000000fd580000,0x00000000fd580000,0x00000000fee00000)
  from space 8704K, 31% used [0x00000000ff680000,0x00000000ff92fed0,0x00000000fff00000)
  to   space 8704K, 0% used [0x00000000fee00000,0x00000000fee00000,0x00000000ff680000)
 ParOldGen       total 80896K, used 50627K [0x00000000f8000000, 0x00000000fcf00000, 0x00000000fd580000)
  object space 80896K, 62% used [0x00000000f8000000,0x00000000fb170fd8,0x00000000fcf00000)
 Metaspace       used 65837K, capacity 68938K, committed 69120K, reserved 1107968K
  class space    used 9073K, capacity 9646K, committed 9728K, reserved 1048576K
}
Event: 25.589 GC heap before
{Heap before GC invocations=64 (full 3):
 PSYoungGen      total 33792K, used 27839K [0x00000000fd580000, 0x0000000100000000, 0x0000000100000000)
  eden space 25088K, 100% used [0x00000000fd580000,0x00000000fee00000,0x00000000fee00000)
  from space 8704K, 31% used [0x00000000ff680000,0x00000000ff92fed0,0x00000000fff00000)
  to   space 8704K, 0% used [0x00000000fee00000,0x00000000fee00000,0x00000000ff680000)
 ParOldGen       total 80896K, used 50627K [0x00000000f8000000, 0x00000000fcf00000, 0x00000000fd580000)
  object space 80896K, 62% used [0x00000000f8000000,0x00000000fb170fd8,0x00000000fcf00000)
 Metaspace       used 67412K, capacity 70570K, committed 70784K, reserved 1110016K
  class space    used 9307K, capacity 9844K, committed 9856K, reserved 1048576K
Event: 25.595 GC heap after
Heap after GC invocations=64 (full 3):
 PSYoungGen      total 33792K, used 2276K [0x00000000fd580000, 0x0000000100000000, 0x0000000100000000)
  eden space 25088K, 0% used [0x00000000fd580000,0x00000000fd580000,0x00000000fee00000)
  from space 8704K, 26% used [0x00000000fee00000,0x00000000ff039300,0x00000000ff680000)
  to   space 8704K, 0% used [0x00000000ff780000,0x00000000ff780000,0x0000000100000000)
 ParOldGen       total 80896K, used 51466K [0x00000000f8000000, 0x00000000fcf00000, 0x00000000fd580000)
  object space 80896K, 63% used [0x00000000f8000000,0x00000000fb2428d0,0x00000000fcf00000)
 Metaspace       used 67412K, capacity 70570K, committed 70784K, reserved 1110016K
  class space    used 9307K, capacity 9844K, committed 9856K, reserved 1048576K
}
Event: 25.898 GC heap before
{Heap before GC invocations=65 (full 3):
 PSYoungGen      total 33792K, used 27364K [0x00000000fd580000, 0x0000000100000000, 0x0000000100000000)
  eden space 25088K, 100% used [0x00000000fd580000,0x00000000fee00000,0x00000000fee00000)
  from space 8704K, 26% used [0x00000000fee00000,0x00000000ff039300,0x00000000ff680000)
  to   space 8704K, 0% used [0x00000000ff780000,0x00000000ff780000,0x0000000100000000)
 ParOldGen       total 80896K, used 51466K [0x00000000f8000000, 0x00000000fcf00000, 0x00000000fd580000)
  object space 80896K, 63% used [0x00000000f8000000,0x00000000fb2428d0,0x00000000fcf00000)
 Metaspace       used 68863K, capacity 72000K, committed 72320K, reserved 1112064K
  class space    used 9514K, capacity 10041K, committed 10112K, reserved 1048576K
Event: 25.905 GC heap after
Heap after GC invocations=65 (full 3):
 PSYoungGen      total 33792K, used 2773K [0x00000000fd580000, 0x00000000fff00000, 0x0000000100000000)
  eden space 26112K, 0% used [0x00000000fd580000,0x00000000fd580000,0x00000000fef00000)
  from space 7680K, 36% used [0x00000000ff780000,0x00000000ffa35770,0x00000000fff00000)
  to   space 8192K, 0% used [0x00000000fef00000,0x00000000fef00000,0x00000000ff700000)
 ParOldGen       total 80896K, used 51474K [0x00000000f8000000, 0x00000000fcf00000, 0x00000000fd580000)
  object space 80896K, 63% used [0x00000000f8000000,0x00000000fb2448d0,0x00000000fcf00000)
 Metaspace       used 68863K, capacity 72000K, committed 72320K, reserved 1112064K
  class space    used 9514K, capacity 10041K, committed 10112K, reserved 1048576K
}
Event: 26.274 GC heap before
{Heap before GC invocations=66 (full 3):
 PSYoungGen      total 33792K, used 28885K [0x00000000fd580000, 0x00000000fff00000, 0x0000000100000000)
  eden space 26112K, 100% used [0x00000000fd580000,0x00000000fef00000,0x00000000fef00000)
  from space 7680K, 36% used [0x00000000ff780000,0x00000000ffa35770,0x00000000fff00000)
  to   space 8192K, 0% used [0x00000000fef00000,0x00000000fef00000,0x00000000ff700000)
 ParOldGen       total 80896K, used 51474K [0x00000000f8000000, 0x00000000fcf00000, 0x00000000fd580000)
  object space 80896K, 63% used [0x00000000f8000000,0x00000000fb2448d0,0x00000000fcf00000)
 Metaspace       used 69457K, capacity 72608K, committed 72960K, reserved 1112064K
  class space    used 9624K, capacity 10201K, committed 10240K, reserved 1048576K
Event: 26.280 GC heap after
Heap after GC invocations=66 (full 3):
 PSYoungGen      total 34304K, used 2368K [0x00000000fd580000, 0x0000000100000000, 0x0000000100000000)
  eden space 26112K, 0% used [0x00000000fd580000,0x00000000fd580000,0x00000000fef00000)
  from space 8192K, 28% used [0x00000000fef00000,0x00000000ff1502e8,0x00000000ff700000)
  to   space 8192K, 0% used [0x00000000ff800000,0x00000000ff800000,0x0000000100000000)
 ParOldGen       total 80896K, used 51482K [0x00000000f8000000, 0x00000000fcf00000, 0x00000000fd580000)
  object space 80896K, 63% used [0x00000000f8000000,0x00000000fb2468d0,0x00000000fcf00000)
 Metaspace       used 69457K, capacity 72608K, committed 72960K, reserved 1112064K
  class space    used 9624K, capacity 10201K, committed 10240K, reserved 1048576K
}
Event: 39.384 GC heap before
{Heap before GC invocations=67 (full 3):
 PSYoungGen      total 34304K, used 28480K [0x00000000fd580000, 0x0000000100000000, 0x0000000100000000)
  eden space 26112K, 100% used [0x00000000fd580000,0x00000000fef00000,0x00000000fef00000)
  from space 8192K, 28% used [0x00000000fef00000,0x00000000ff1502e8,0x00000000ff700000)
  to   space 8192K, 0% used [0x00000000ff800000,0x00000000ff800000,0x0000000100000000)
 ParOldGen       total 80896K, used 51482K [0x00000000f8000000, 0x00000000fcf00000, 0x00000000fd580000)
  object space 80896K, 63% used [0x00000000f8000000,0x00000000fb2468d0,0x00000000fcf00000)
 Metaspace       used 71001K, capacity 74178K, committed 74496K, reserved 1114112K
  class space    used 9836K, capacity 10388K, committed 10496K, reserved 1048576K
Event: 39.396 GC heap after
Heap after GC invocations=67 (full 3):
 PSYoungGen      total 34304K, used 3523K [0x00000000fd580000, 0x00000000fff00000, 0x0000000100000000)
  eden space 27136K, 0% used [0x00000000fd580000,0x00000000fd580000,0x00000000ff000000)
  from space 7168K, 49% used [0x00000000ff800000,0x00000000ffb70c88,0x00000000fff00000)
  to   space 7680K, 0% used [0x00000000ff000000,0x00000000ff000000,0x00000000ff780000)
 ParOldGen       total 80896K, used 51490K [0x00000000f8000000, 0x00000000fcf00000, 0x00000000fd580000)
  object space 80896K, 63% used [0x00000000f8000000,0x00000000fb2488d0,0x00000000fcf00000)
 Metaspace       used 71001K, capacity 74178K, committed 74496K, reserved 1114112K
  class space    used 9836K, capacity 10388K, committed 10496K, reserved 1048576K
}

